Using pre-set license
Built from '2020.3/staging' branch; Version is '2020.3.5f1 (8095aa901b9b) revision 8426922'; Using compiler version '192528614'; Build Type 'Release'
OS: 'Windows 10 Pro; OS build 19041.1237; Version 2004; 64bit' Language: 'ru' Physical Memory: 16332 MB
BatchMode: 1, IsHumanControllingUs: 0, StartBugReporterOnCrash: 0, Is64bit: 1, IsPro: 0

 COMMAND LINE ARGUMENTS:
D:\GAMES\unity\2020.3.5f1\Editor\Unity.exe
-adb2
-batchMode
-noUpm
-name
AssetImportWorker0
-projectPath
D:/GAMES/unity/projects/Landscape/Unity-project/Roll a ball
-logFile
Logs/AssetImportWorker0.log
-srvPort
61917
Successfully changed project path to: D:/GAMES/unity/projects/Landscape/Unity-project/Roll a ball
D:/GAMES/unity/projects/Landscape/Unity-project/Roll a ball
Using Asset Import Pipeline V2.
Refreshing native plugins compatible for Editor in 22.29 ms, found 0 plugins.
Preloading 0 native plugins for Editor in 0.00 ms.
Initialize engine version: 2020.3.5f1 (8095aa901b9b)
[Subsystems] Discovering subsystems at path D:/GAMES/unity/2020.3.5f1/Editor/Data/Resources/UnitySubsystems
[Subsystems] Discovering subsystems at path D:/GAMES/unity/projects/Landscape/Unity-project/Roll a ball/Assets
GfxDevice: creating device client; threaded=0
Direct3D:
    Version:  Direct3D 11.0 [level 11.1]
    Renderer: NVIDIA GeForce RTX 2080 Ti (ID=0x1e07)
    Vendor:   
    VRAM:     11048 MB
    Driver:   30.0.14.7111
Initialize mono
Mono path[0] = 'D:/GAMES/unity/2020.3.5f1/Editor/Data/Managed'
Mono path[1] = 'D:/GAMES/unity/2020.3.5f1/Editor/Data/MonoBleedingEdge/lib/mono/unityjit'
Mono config path = 'D:/GAMES/unity/2020.3.5f1/Editor/Data/MonoBleedingEdge/etc'
Using monoOptions --debugger-agent=transport=dt_socket,embedding=1,server=y,suspend=n,address=127.0.0.1:56476
Begin MonoManager ReloadAssembly
Registering precompiled unity dll's ...
Register platform support module: D:/GAMES/unity/2020.3.5f1/Editor/Data/PlaybackEngines/WindowsStandaloneSupport/UnityEditor.WindowsStandalone.Extensions.dll
Registered in 0.003702 seconds.
Native extension for WindowsStandalone target not found
Refreshing native plugins compatible for Editor in 22.42 ms, found 0 plugins.
Preloading 0 native plugins for Editor in 0.00 ms.
Mono: successfully reloaded assembly
- Completed reload, in  0.733 seconds
Platform modules already initialized, skipping
Registering precompiled user dll's ...
Registered in 0.000369 seconds.
Begin MonoManager ReloadAssembly
Native extension for WindowsStandalone target not found
Refreshing native plugins compatible for Editor in 0.23 ms, found 0 plugins.
Preloading 0 native plugins for Editor in 0.00 ms.
Mono: successfully reloaded assembly
- Completed reload, in  0.686 seconds
Platform modules already initialized, skipping
========================================================================
Worker process is ready to serve import requests
Launched and connected shader compiler UnityShaderCompiler.exe after 0.04 seconds
Refreshing native plugins compatible for Editor in 0.23 ms, found 0 plugins.
Preloading 0 native plugins for Editor in 0.00 ms.
Unloading 1274 Unused Serialized files (Serialized files now loaded: 0)
System memory in use before: 63.0 MB.
System memory in use after: 63.0 MB.

Unloading 11 unused Assets to reduce memory usage. Loaded Objects now: 1718.
Total: 1.461000 ms (FindLiveObjects: 0.150300 ms CreateObjectMapping: 0.029100 ms MarkObjects: 1.204500 ms  DeleteObjects: 0.076400 ms)

========================================================================
Received Import Request.
  path: ProjectSettings/TagManager.asset
  artifactKey: Guid(00000000000000003000000000000000) Importer(815301076,1909f56bfc062723c751e8b465ee728b)
Start importing ProjectSettings/TagManager.asset using Guid(00000000000000003000000000000000) Importer(815301076,1909f56bfc062723c751e8b465ee728b)  -> (artifact id: 'cd75eccaf8be824ac8fb2edb87397d5a') in 0.029577 seconds
  Import took 0.031298 seconds .

========================================================================
Received Import Request.
  Time since last request: 36.017274 seconds.
  path: Assets/Materials/Material Required Bonus.mat
  artifactKey: Guid(8a60356970c7a27458a935a9c981db84) Importer(815301076,1909f56bfc062723c751e8b465ee728b)
Start importing Assets/Materials/Material Required Bonus.mat using Guid(8a60356970c7a27458a935a9c981db84) Importer(815301076,1909f56bfc062723c751e8b465ee728b)  -> (artifact id: 'e541d094d9ee6d3dcb5bc2e4e33b956b') in 0.086226 seconds
  Import took 0.088107 seconds .

========================================================================
Received Import Request.
  Time since last request: 16.042340 seconds.
  path: Assets/Prefabs/RequiredBonus.prefab
  artifactKey: Guid(68c6d5e70069e2e46bb26caba4e4bfe0) Importer(815301076,1909f56bfc062723c751e8b465ee728b)
Start importing Assets/Prefabs/RequiredBonus.prefab using Guid(68c6d5e70069e2e46bb26caba4e4bfe0) Importer(815301076,1909f56bfc062723c751e8b465ee728b)  -> (artifact id: 'edc9b580ffa8d7270df8707e2dd4b3d6') in 0.017326 seconds
  Import took 0.019395 seconds .

========================================================================
Received Import Request.
  Time since last request: 0.015337 seconds.
  path: Assets/Prefabs/RequiredBonus.prefab
  artifactKey: Guid(68c6d5e70069e2e46bb26caba4e4bfe0) Importer(815301076,1909f56bfc062723c751e8b465ee728b)
Start importing Assets/Prefabs/RequiredBonus.prefab using Guid(68c6d5e70069e2e46bb26caba4e4bfe0) Importer(815301076,1909f56bfc062723c751e8b465ee728b)  -> (artifact id: 'edc9b580ffa8d7270df8707e2dd4b3d6') in 0.005835 seconds
  Import took 0.007741 seconds .

========================================================================
Received Import Request.
  Time since last request: 42.532457 seconds.
  path: Assets/Scripts/GameView.cs
  artifactKey: Guid(7d64df2ae142cd3459ea34caf9bffe1c) Importer(815301076,1909f56bfc062723c751e8b465ee728b)
Start importing Assets/Scripts/GameView.cs using Guid(7d64df2ae142cd3459ea34caf9bffe1c) Importer(815301076,1909f56bfc062723c751e8b465ee728b)  -> (artifact id: '20e45831e2da8afbca11d954e3c77daa') in 0.042232 seconds
  Import took 0.044413 seconds .

========================================================================
Received Import Request.
  Time since last request: 0.614942 seconds.
  path: Assets/Scripts/GameView.cs
  artifactKey: Guid(7d64df2ae142cd3459ea34caf9bffe1c) Importer(815301076,1909f56bfc062723c751e8b465ee728b)
Start importing Assets/Scripts/GameView.cs using Guid(7d64df2ae142cd3459ea34caf9bffe1c) Importer(815301076,1909f56bfc062723c751e8b465ee728b)  -> (artifact id: '20e45831e2da8afbca11d954e3c77daa') in 0.001055 seconds
  Import took 0.002799 seconds .

========================================================================
Received Import Request.
  Time since last request: 51.688283 seconds.
  path: Assets/Scripts/GameView.cs
  artifactKey: Guid(7d64df2ae142cd3459ea34caf9bffe1c) Importer(815301076,1909f56bfc062723c751e8b465ee728b)
Start importing Assets/Scripts/GameView.cs using Guid(7d64df2ae142cd3459ea34caf9bffe1c) Importer(815301076,1909f56bfc062723c751e8b465ee728b)  -> (artifact id: 'dafb9755696f626adcde7370c2dd9476') in 0.001248 seconds
  Import took 0.003021 seconds .

========================================================================
Received Import Request.
  Time since last request: 53.327974 seconds.
  path: Assets/Scripts/GameView.cs
  artifactKey: Guid(7d64df2ae142cd3459ea34caf9bffe1c) Importer(815301076,1909f56bfc062723c751e8b465ee728b)
Start importing Assets/Scripts/GameView.cs using Guid(7d64df2ae142cd3459ea34caf9bffe1c) Importer(815301076,1909f56bfc062723c751e8b465ee728b)  -> (artifact id: '13e66c53848410d60d6ce0098e1524eb') in 0.001254 seconds
  Import took 0.004250 seconds .

========================================================================
Received Import Request.
  Time since last request: 100.543858 seconds.
  path: Assets/Scripts/GameView.cs
  artifactKey: Guid(7d64df2ae142cd3459ea34caf9bffe1c) Importer(815301076,1909f56bfc062723c751e8b465ee728b)
Start importing Assets/Scripts/GameView.cs using Guid(7d64df2ae142cd3459ea34caf9bffe1c) Importer(815301076,1909f56bfc062723c751e8b465ee728b)  -> (artifact id: 'b565dcdfba09bbcf5ce475a802545066') in 0.001468 seconds
  Import took 0.003766 seconds .

========================================================================
Received Import Request.
  Time since last request: 115.289925 seconds.
  path: Assets/Scripts/GameView.cs
  artifactKey: Guid(7d64df2ae142cd3459ea34caf9bffe1c) Importer(815301076,1909f56bfc062723c751e8b465ee728b)
Start importing Assets/Scripts/GameView.cs using Guid(7d64df2ae142cd3459ea34caf9bffe1c) Importer(815301076,1909f56bfc062723c751e8b465ee728b)  -> (artifact id: '6afa5c2103fc8c58b4ed1f2aedd948ba') in 0.001285 seconds
  Import took 0.003509 seconds .

========================================================================
Received Import Request.
  Time since last request: 82.367534 seconds.
  path: Assets/Scripts/GameView.cs
  artifactKey: Guid(7d64df2ae142cd3459ea34caf9bffe1c) Importer(815301076,1909f56bfc062723c751e8b465ee728b)
Start importing Assets/Scripts/GameView.cs using Guid(7d64df2ae142cd3459ea34caf9bffe1c) Importer(815301076,1909f56bfc062723c751e8b465ee728b)  -> (artifact id: 'e279c9662bb3cab6847d5d6146c0465b') in 0.001202 seconds
  Import took 0.003482 seconds .

========================================================================
Received Prepare
Registering precompiled user dll's ...
Registered in 0.000432 seconds.
Begin MonoManager ReloadAssembly
Native extension for WindowsStandalone target not found
Refreshing native plugins compatible for Editor in 0.22 ms, found 0 plugins.
Preloading 0 native plugins for Editor in 0.00 ms.
Mono: successfully reloaded assembly
- Completed reload, in  0.639 seconds
Platform modules already initialized, skipping
Refreshing native plugins compatible for Editor in 0.25 ms, found 0 plugins.
Preloading 0 native plugins for Editor in 0.00 ms.
Unloading 1267 Unused Serialized files (Serialized files now loaded: 0)
System memory in use before: 66.1 MB.
System memory in use after: 66.2 MB.

Unloading 7 unused Assets to reduce memory usage. Loaded Objects now: 1762.
Total: 1.446800 ms (FindLiveObjects: 0.135700 ms CreateObjectMapping: 0.026000 ms MarkObjects: 1.230200 ms  DeleteObjects: 0.054000 ms)

========================================================================
Received Import Request.
  Time since last request: 33.477663 seconds.
  path: Assets/Resources/LevelInfo.asset
  artifactKey: Guid(b28d2d05f80bb1043b05a472f694d18d) Importer(815301076,1909f56bfc062723c751e8b465ee728b)
Start importing Assets/Resources/LevelInfo.asset using Guid(b28d2d05f80bb1043b05a472f694d18d) Importer(815301076,1909f56bfc062723c751e8b465ee728b)  -> (artifact id: 'dd5ce3ec7fb4862178d721249f86ea01') in 0.018277 seconds
  Import took 0.020407 seconds .

========================================================================
Received Prepare
Registering precompiled user dll's ...
Registered in 0.001327 seconds.
Begin MonoManager ReloadAssembly
Native extension for WindowsStandalone target not found
Refreshing native plugins compatible for Editor in 0.23 ms, found 0 plugins.
Preloading 0 native plugins for Editor in 0.00 ms.
Mono: successfully reloaded assembly
- Completed reload, in  0.615 seconds
Platform modules already initialized, skipping
Refreshing native plugins compatible for Editor in 0.23 ms, found 0 plugins.
Preloading 0 native plugins for Editor in 0.00 ms.
Unloading 1267 Unused Serialized files (Serialized files now loaded: 0)
System memory in use before: 66.2 MB.
System memory in use after: 66.3 MB.

Unloading 6 unused Assets to reduce memory usage. Loaded Objects now: 1768.
Total: 1.571300 ms (FindLiveObjects: 0.148400 ms CreateObjectMapping: 0.025500 ms MarkObjects: 1.341400 ms  DeleteObjects: 0.055200 ms)

AssetImportWorkerClient::OnTransportError - code=2 error=End of file
